<?xml version="1.0" encoding="UTF-8"?>
<!-- Generated by org.testng.reporters.JUnitReportReporter -->
<testsuite hostname="DESKTOP-S3RV3MH" failures="0" tests="4" name="com.qa.crm.testcases.HomePageTest" time="64.441" errors="0" timestamp="2020-09-06T17:49:25 IST" skipped="0">
  <testcase classname="com.qa.crm.testcases.HomePageTest" name="verifylogoTest" time="14.933"/>
  <system-out/>
  <testcase classname="com.qa.crm.testcases.HomePageTest" name="ClickonFreeAccountLinkTest" time="15.900"/>
  <system-out/>
  <testcase classname="com.qa.crm.testcases.HomePageTest" name="clickOnContactsLink" time="16.375"/>
  <system-out/>
  <testcase classname="com.qa.crm.testcases.HomePageTest" name="ClickOnNamelink" time="17.233"/>
  <system-out/>
</testsuite> <!-- com.qa.crm.testcases.HomePageTest -->
