<?xml version="1.0" encoding="UTF-8"?>
<!-- Generated by org.testng.reporters.JUnitReportReporter -->
<testsuite hostname="DESKTOP-S3RV3MH" failures="0" tests="4" name="com.qa.crm.testcases.LoginPageTest" time="40.134" errors="0" timestamp="2020-09-06T17:49:25 IST" skipped="1">
  <testcase classname="com.qa.crm.testcases.LoginPageTest" name="LoginTest" time="9.264"/>
  <system-out/>
  <testcase classname="com.qa.crm.testcases.LoginPageTest" name="ClickonloginTest" time="13.914"/>
  <system-out/>
  <testcase classname="com.qa.crm.testcases.LoginPageTest" name="EnterDataTest" time="16.956"/>
  <system-out/>
  <testcase classname="com.qa.crm.testcases.LoginPageTest" name="ValidateLogoTest">
    <skipped/>
  </testcase> <!-- ValidateLogoTest -->
  <system-out/>
</testsuite> <!-- com.qa.crm.testcases.LoginPageTest -->
