<?xml version="1.0" encoding="UTF-8"?>
<!-- Generated by org.testng.reporters.JUnitReportReporter -->
<testsuite hostname="DESKTOP-S3RV3MH" failures="0" tests="1" name="com.qa.crm.testcases.HomePageTest" time="18.503" errors="0" timestamp="2020-09-11T23:09:59 IST" skipped="0">
  <testcase classname="com.qa.crm.testcases.HomePageTest" name="clickOnContactsMenu" time="18.503"/>
  <system-out/>
</testsuite> <!-- com.qa.crm.testcases.HomePageTest -->
