<?xml version="1.0" encoding="UTF-8"?>
<!-- Generated by org.testng.reporters.JUnitReportReporter -->
<testsuite hostname="DESKTOP-S3RV3MH" failures="0" tests="3" name="com.qa.crm.testcases.HomePageTest" time="54.720" errors="0" timestamp="2020-09-16T22:08:50 IST" skipped="0">
  <testcase classname="com.qa.crm.testcases.HomePageTest" name="verifylogoTest" time="18.988"/>
  <system-out/>
  <testcase classname="com.qa.crm.testcases.HomePageTest" name="ClickonFreeAccountLinkTest" time="18.193"/>
  <system-out/>
  <testcase classname="com.qa.crm.testcases.HomePageTest" name="clickOnContactsMenu" time="17.539"/>
  <system-out/>
</testsuite> <!-- com.qa.crm.testcases.HomePageTest -->
